<?xml version="1.0" encoding="UTF-8"?>
<testsuite xmlns:xsi="http://www.w3.org/2001/XMLSchema-instance" xsi:noNamespaceSchemaLocation="https://maven.apache.org/surefire/maven-surefire-plugin/xsd/surefire-test-report.xsd" version="3.0.2" name="com.backend.spendwise.SpendwiseApplicationTests" time="21.83" tests="1" errors="0" skipped="0" failures="0">
  <properties>
    <property name="PATH" value="C:\Program Files\Microsoft\jdk-17.0.12.7-hotspot\bin;C:\Program Files\Python311\Scripts\;C:\Program Files\Python311\;C:\Program Files\Common Files\Oracle\Java\javapath;C:\WINDOWS\system32;C:\WINDOWS;C:\WINDOWS\System32\Wbem;C:\WINDOWS\System32\WindowsPowerShell\v1.0\;C:\WINDOWS\System32\OpenSSH\;C:\Program Files\Git\cmd;C:\Program Files\MySQL\MySQL Server 8.0\bin;C:\Program Files\HP\HP One Agent;C:\Program Files\Docker\Docker\resources\bin;C:\ProgramData\chocolatey\bin;C:\Program Files\nodejs\;C:\Users\HP\AppData\Local\Android\Sdk\platform-tools;C:\WINDOWS\system32;C:\WINDOWS;C:\WINDOWS\System32\Wbem;C:\WINDOWS\System32\WindowsPowerShell\v1.0\;C:\WINDOWS\System32\OpenSSH\;D:\HP\apache-maven-3.9.9\bin;C:\Program Files\MySQL\MySQL Shell 8.0\bin\;C:\Users\HP\AppData\Local\Microsoft\WindowsApps;C:\Users\HP\AppData\Local\Programs\Microsoft VS Code\bin;C:\Program Files\MongoDB\Server\5.0\bin\;C:\Users\HP\OneDrive\Desktop\Nakul\Kit Tools\MongoDB Inc\mongosh-2.1.5-win32-x64\bin;C:\Users\HP\AppData\Roaming\npm;;c:\Users\HP\AppData\Roaming\Code\User\globalStorage\github.copilot-chat\debugCommand"/>
    <property name="java.specification.version" value="17"/>
    <property name="sun.cpu.isalist" value="amd64"/>
    <property name="sun.jnu.encoding" value="Cp1252"/>
    <property name="SESSIONNAME" value="Console"/>
    <property name="ALLUSERSPROFILE" value="C:\ProgramData"/>
    <property name="sun.arch.data.model" value="64"/>
    <property name="ANDROID_HOME" value="C:\Users\HP\AppData\Local\Android\Sdk"/>
    <property name="FILE_ARG" value="d:\Nakul\Web Development\Projects\SpendWise\pom.xml"/>
    <property name="PROGRAMFILES" value="C:\Program Files"/>
    <property name="java.vendor.url" value="https://www.microsoft.com"/>
    <property name="VSCODE_INJECTION" value="1"/>
    <property name="PSMODULEPATH" value="C:\Users\HP\OneDrive\Documents\WindowsPowerShell\Modules;C:\Program Files\WindowsPowerShell\Modules;C:\WINDOWS\system32\WindowsPowerShell\v1.0\Modules"/>
    <property name="COLORTERM" value="truecolor"/>
    <property name="USERNAME" value="HP"/>
    <property name="VSCODE_GIT_ASKPASS_NODE" value="C:\Users\HP\AppData\Local\Programs\Microsoft VS Code\Code.exe"/>
    <property name="TERM_PROGRAM_VERSION" value="1.102.3"/>
    <property name="EFC_3184_2283032206" value="1"/>
    <property name="APPLICATION_NAME" value="spendwise"/>
    <property name="sun.boot.library.path" value="C:\Program Files\Microsoft\jdk-17.0.12.7-hotspot\bin"/>
    <property name="sun.java.command" value="C:\Users\HP\AppData\Local\Temp\surefire13019986238520984410\surefirebooter-20250803215300246_3.jar C:\Users\HP\AppData\Local\Temp\surefire13019986238520984410 2025-08-03T21-52-59_916-jvmRun1 surefire-20250803215300246_1tmp surefire_0-20250803215300246_2tmp"/>
    <property name="FPS_BROWSER_USER_PROFILE_STRING" value="Default"/>
    <property name="jdk.debug" value="release"/>
    <property name="PATHEXT" value=".COM;.EXE;.BAT;.CMD;.VBS;.VBE;.JS;.JSE;.WSF;.WSH;.MSC;.PY;.PYW;.CPL"/>
    <property name="java.specification.vendor" value="Oracle Corporation"/>
    <property name="java.version.date" value="2024-07-16"/>
    <property name="java.home" value="C:\Program Files\Microsoft\jdk-17.0.12.7-hotspot"/>
    <property name="file.separator" value="\"/>
    <property name="basedir" value="d:\Nakul\Web Development\Projects\SpendWise"/>
    <property name="MAVEN" value="D:\HP\apache-maven-3.9.9\bin"/>
    <property name="java.vm.compressedOopsMode" value="Zero based"/>
    <property name="line.separator" value="&#10;"/>
    <property name="HOMEPATH" value="\Users\HP"/>
    <property name="java.vm.specification.vendor" value="Oracle Corporation"/>
    <property name="java.specification.name" value="Java Platform API Specification"/>
    <property name="CLOUDINARY_CLOUD_NAME" value="dabmimlb6"/>
    <property name="PROCESSOR_IDENTIFIER" value="Intel64 Family 6 Model 140 Stepping 1, GenuineIntel"/>
    <property name="PUBLIC" value="C:\Users\Public"/>
    <property name="BREVO_USERNAME" value="nakulattreybrevo"/>
    <property name="=EXITCODE" value="00000000"/>
    <property name="ZES_ENABLE_SYSMAN" value="1"/>
    <property name="user.script" value=""/>
    <property name="SPENDWISE_FRONTEND_URL" value="http://localhost:5173"/>
    <property name="sun.management.compiler" value="HotSpot 64-Bit Tiered Compilers"/>
    <property name="FPS_BROWSER_APP_PROFILE_STRING" value="Internet Explorer"/>
    <property name="java.runtime.version" value="17.0.12+7-LTS"/>
    <property name="JAVA_HOME" value="C:\Program Files\Microsoft\jdk-17.0.12.7-hotspot\"/>
    <property name="PROMPT" value="$P$G"/>
    <property name="user.name" value="HP"/>
    <property name="PROGRAMFILES(X86)" value="C:\Program Files (x86)"/>
    <property name="ONLINESERVICES" value="Online Services"/>
    <property name="file.encoding" value="Cp1252"/>
    <property name="APPDATA" value="C:\Users\HP\AppData\Roaming"/>
    <property name="BREVO_PASSWORD" value="DLVGvH6pRQgf7O5K"/>
    <property name="EFC_3184_3789132940" value="1"/>
    <property name="EFC_3184_1262719628" value="1"/>
    <property name="java.vendor.version" value="Microsoft-9889599"/>
    <property name="localRepository" value="C:\Users\HP\.m2\repository"/>
    <property name="java.io.tmpdir" value="C:\Users\HP\AppData\Local\Temp\"/>
    <property name="com.zaxxer.hikari.pool_number" value="1"/>
    <property name="java.version" value="17.0.12"/>
    <property name="TERM_PROGRAM" value="vscode"/>
    <property name="COMPUTERNAME" value="LAPTOP-LEM-ON"/>
    <property name="java.vm.specification.name" value="Java Virtual Machine Specification"/>
    <property name="PID" value="22120"/>
    <property name="MAVEN_PROJECTBASEDIR" value="d:\Nakul\Web Development\Projects\SpendWise"/>
    <property name="sun.os.patch.level" value=""/>
    <property name="CONSOLE_LOG_CHARSET" value="windows-1252"/>
    <property name="CLASSWORLDS_LAUNCHER" value="org.codehaus.plexus.classworlds.launcher.Launcher"/>
    <property name="native.encoding" value="Cp1252"/>
    <property name="java.library.path" value="C:\Program Files\Microsoft\jdk-17.0.12.7-hotspot\bin;C:\WINDOWS\Sun\Java\bin;C:\WINDOWS\system32;C:\WINDOWS;C:\Program Files\Microsoft\jdk-17.0.12.7-hotspot\bin;C:\Program Files\Python311\Scripts\;C:\Program Files\Python311\;C:\Program Files\Common Files\Oracle\Java\javapath;C:\WINDOWS\system32;C:\WINDOWS;C:\WINDOWS\System32\Wbem;C:\WINDOWS\System32\WindowsPowerShell\v1.0\;C:\WINDOWS\System32\OpenSSH\;C:\Program Files\Git\cmd;C:\Program Files\MySQL\MySQL Server 8.0\bin;C:\Program Files\HP\HP One Agent;C:\Program Files\Docker\Docker\resources\bin;C:\ProgramData\chocolatey\bin;C:\Program Files\nodejs\;C:\Users\HP\AppData\Local\Android\Sdk\platform-tools;C:\WINDOWS\system32;C:\WINDOWS;C:\WINDOWS\System32\Wbem;C:\WINDOWS\System32\WindowsPowerShell\v1.0\;C:\WINDOWS\System32\OpenSSH\;D:\HP\apache-maven-3.9.9\bin;C:\Program Files\MySQL\MySQL Shell 8.0\bin\;C:\Users\HP\AppData\Local\Microsoft\WindowsApps;C:\Users\HP\AppData\Local\Programs\Microsoft VS Code\bin;C:\Program Files\MongoDB\Server\5.0\bin\;C:\Users\HP\OneDrive\Desktop\Nakul\Kit Tools\MongoDB Inc\mongosh-2.1.5-win32-x64\bin;C:\Users\HP\AppData\Roaming\npm;;c:\Users\HP\AppData\Roaming\Code\User\globalStorage\github.copilot-chat\debugCommand;."/>
    <property name="=D:" value="d:\Nakul\Web Development\Projects\SpendWise"/>
    <property name="java.vendor" value="Microsoft"/>
    <property name="HOMEDRIVE" value="C:"/>
    <property name="sun.io.unicode.encoding" value="UnicodeLittle"/>
    <property name="NUMBER_OF_PROCESSORS" value="8"/>
    <property name="JVMCONFIG" value="\.mvn\jvm.config"/>
    <property name="LOGGED_APPLICATION_NAME" value="[spendwise] "/>
    <property name="USERDOMAIN_ROAMINGPROFILE" value="LAPTOP-LEM-ON"/>
    <property name="PROCESSOR_LEVEL" value="6"/>
    <property name="SYSTEMDRIVE" value="C:"/>
    <property name="java.class.path" value="d:\Nakul\Web Development\Projects\SpendWise\target\test-classes;d:\Nakul\Web Development\Projects\SpendWise\target\classes;C:\Users\HP\.m2\repository\org\springframework\boot\spring-boot-starter-actuator\3.5.4\spring-boot-starter-actuator-3.5.4.jar;C:\Users\HP\.m2\repository\org\springframework\boot\spring-boot-starter\3.5.4\spring-boot-starter-3.5.4.jar;C:\Users\HP\.m2\repository\org\springframework\boot\spring-boot\3.5.4\spring-boot-3.5.4.jar;C:\Users\HP\.m2\repository\org\springframework\boot\spring-boot-autoconfigure\3.5.4\spring-boot-autoconfigure-3.5.4.jar;C:\Users\HP\.m2\repository\org\springframework\boot\spring-boot-starter-logging\3.5.4\spring-boot-starter-logging-3.5.4.jar;C:\Users\HP\.m2\repository\ch\qos\logback\logback-classic\1.5.18\logback-classic-1.5.18.jar;C:\Users\HP\.m2\repository\ch\qos\logback\logback-core\1.5.18\logback-core-1.5.18.jar;C:\Users\HP\.m2\repository\org\apache\logging\log4j\log4j-to-slf4j\2.24.3\log4j-to-slf4j-2.24.3.jar;C:\Users\HP\.m2\repository\org\slf4j\jul-to-slf4j\2.0.17\jul-to-slf4j-2.0.17.jar;C:\Users\HP\.m2\repository\jakarta\annotation\jakarta.annotation-api\2.1.1\jakarta.annotation-api-2.1.1.jar;C:\Users\HP\.m2\repository\org\yaml\snakeyaml\2.4\snakeyaml-2.4.jar;C:\Users\HP\.m2\repository\org\springframework\boot\spring-boot-actuator-autoconfigure\3.5.4\spring-boot-actuator-autoconfigure-3.5.4.jar;C:\Users\HP\.m2\repository\org\springframework\boot\spring-boot-actuator\3.5.4\spring-boot-actuator-3.5.4.jar;C:\Users\HP\.m2\repository\com\fasterxml\jackson\datatype\jackson-datatype-jsr310\2.19.2\jackson-datatype-jsr310-2.19.2.jar;C:\Users\HP\.m2\repository\io\micrometer\micrometer-observation\1.15.2\micrometer-observation-1.15.2.jar;C:\Users\HP\.m2\repository\io\micrometer\micrometer-commons\1.15.2\micrometer-commons-1.15.2.jar;C:\Users\HP\.m2\repository\io\micrometer\micrometer-jakarta9\1.15.2\micrometer-jakarta9-1.15.2.jar;C:\Users\HP\.m2\repository\io\micrometer\micrometer-core\1.15.2\micrometer-core-1.15.2.jar;C:\Users\HP\.m2\repository\org\hdrhistogram\HdrHistogram\2.2.2\HdrHistogram-2.2.2.jar;C:\Users\HP\.m2\repository\org\latencyutils\LatencyUtils\2.0.3\LatencyUtils-2.0.3.jar;C:\Users\HP\.m2\repository\org\springframework\boot\spring-boot-starter-data-jpa\3.5.4\spring-boot-starter-data-jpa-3.5.4.jar;C:\Users\HP\.m2\repository\org\springframework\boot\spring-boot-starter-jdbc\3.5.4\spring-boot-starter-jdbc-3.5.4.jar;C:\Users\HP\.m2\repository\com\zaxxer\HikariCP\6.3.1\HikariCP-6.3.1.jar;C:\Users\HP\.m2\repository\org\springframework\spring-jdbc\6.2.9\spring-jdbc-6.2.9.jar;C:\Users\HP\.m2\repository\org\hibernate\orm\hibernate-core\6.6.22.Final\hibernate-core-6.6.22.Final.jar;C:\Users\HP\.m2\repository\jakarta\persistence\jakarta.persistence-api\3.1.0\jakarta.persistence-api-3.1.0.jar;C:\Users\HP\.m2\repository\jakarta\transaction\jakarta.transaction-api\2.0.1\jakarta.transaction-api-2.0.1.jar;C:\Users\HP\.m2\repository\org\jboss\logging\jboss-logging\3.6.1.Final\jboss-logging-3.6.1.Final.jar;C:\Users\HP\.m2\repository\org\hibernate\common\hibernate-commons-annotations\7.0.3.Final\hibernate-commons-annotations-7.0.3.Final.jar;C:\Users\HP\.m2\repository\io\smallrye\jandex\3.2.0\jandex-3.2.0.jar;C:\Users\HP\.m2\repository\com\fasterxml\classmate\1.7.0\classmate-1.7.0.jar;C:\Users\HP\.m2\repository\net\bytebuddy\byte-buddy\1.17.6\byte-buddy-1.17.6.jar;C:\Users\HP\.m2\repository\org\glassfish\jaxb\jaxb-runtime\4.0.5\jaxb-runtime-4.0.5.jar;C:\Users\HP\.m2\repository\org\glassfish\jaxb\jaxb-core\4.0.5\jaxb-core-4.0.5.jar;C:\Users\HP\.m2\repository\org\glassfish\jaxb\txw2\4.0.5\txw2-4.0.5.jar;C:\Users\HP\.m2\repository\com\sun\istack\istack-commons-runtime\4.1.2\istack-commons-runtime-4.1.2.jar;C:\Users\HP\.m2\repository\jakarta\inject\jakarta.inject-api\2.0.1\jakarta.inject-api-2.0.1.jar;C:\Users\HP\.m2\repository\org\antlr\antlr4-runtime\4.13.0\antlr4-runtime-4.13.0.jar;C:\Users\HP\.m2\repository\org\springframework\data\spring-data-jpa\3.5.2\spring-data-jpa-3.5.2.jar;C:\Users\HP\.m2\repository\org\springframework\data\spring-data-commons\3.5.2\spring-data-commons-3.5.2.jar;C:\Users\HP\.m2\repository\org\springframework\spring-orm\6.2.9\spring-orm-6.2.9.jar;C:\Users\HP\.m2\repository\org\springframework\spring-context\6.2.9\spring-context-6.2.9.jar;C:\Users\HP\.m2\repository\org\springframework\spring-tx\6.2.9\spring-tx-6.2.9.jar;C:\Users\HP\.m2\repository\org\springframework\spring-beans\6.2.9\spring-beans-6.2.9.jar;C:\Users\HP\.m2\repository\org\slf4j\slf4j-api\2.0.17\slf4j-api-2.0.17.jar;C:\Users\HP\.m2\repository\org\springframework\spring-aspects\6.2.9\spring-aspects-6.2.9.jar;C:\Users\HP\.m2\repository\org\aspectj\aspectjweaver\1.9.24\aspectjweaver-1.9.24.jar;C:\Users\HP\.m2\repository\org\springframework\boot\spring-boot-starter-mail\3.5.4\spring-boot-starter-mail-3.5.4.jar;C:\Users\HP\.m2\repository\org\springframework\spring-context-support\6.2.9\spring-context-support-6.2.9.jar;C:\Users\HP\.m2\repository\org\eclipse\angus\jakarta.mail\2.0.3\jakarta.mail-2.0.3.jar;C:\Users\HP\.m2\repository\jakarta\activation\jakarta.activation-api\2.1.3\jakarta.activation-api-2.1.3.jar;C:\Users\HP\.m2\repository\org\eclipse\angus\angus-activation\2.0.2\angus-activation-2.0.2.jar;C:\Users\HP\.m2\repository\org\springframework\boot\spring-boot-starter-security\3.5.4\spring-boot-starter-security-3.5.4.jar;C:\Users\HP\.m2\repository\org\springframework\spring-aop\6.2.9\spring-aop-6.2.9.jar;C:\Users\HP\.m2\repository\org\springframework\security\spring-security-config\6.5.2\spring-security-config-6.5.2.jar;C:\Users\HP\.m2\repository\org\springframework\security\spring-security-web\6.5.2\spring-security-web-6.5.2.jar;C:\Users\HP\.m2\repository\org\springframework\spring-expression\6.2.9\spring-expression-6.2.9.jar;C:\Users\HP\.m2\repository\org\springframework\boot\spring-boot-starter-web\3.5.4\spring-boot-starter-web-3.5.4.jar;C:\Users\HP\.m2\repository\org\springframework\boot\spring-boot-starter-json\3.5.4\spring-boot-starter-json-3.5.4.jar;C:\Users\HP\.m2\repository\com\fasterxml\jackson\datatype\jackson-datatype-jdk8\2.19.2\jackson-datatype-jdk8-2.19.2.jar;C:\Users\HP\.m2\repository\com\fasterxml\jackson\module\jackson-module-parameter-names\2.19.2\jackson-module-parameter-names-2.19.2.jar;C:\Users\HP\.m2\repository\org\springframework\boot\spring-boot-starter-tomcat\3.5.4\spring-boot-starter-tomcat-3.5.4.jar;C:\Users\HP\.m2\repository\org\apache\tomcat\embed\tomcat-embed-core\10.1.43\tomcat-embed-core-10.1.43.jar;C:\Users\HP\.m2\repository\org\apache\tomcat\embed\tomcat-embed-el\10.1.43\tomcat-embed-el-10.1.43.jar;C:\Users\HP\.m2\repository\org\apache\tomcat\embed\tomcat-embed-websocket\10.1.43\tomcat-embed-websocket-10.1.43.jar;C:\Users\HP\.m2\repository\org\springframework\spring-web\6.2.9\spring-web-6.2.9.jar;C:\Users\HP\.m2\repository\org\springframework\spring-webmvc\6.2.9\spring-webmvc-6.2.9.jar;C:\Users\HP\.m2\repository\com\mysql\mysql-connector-j\9.3.0\mysql-connector-j-9.3.0.jar;C:\Users\HP\.m2\repository\org\projectlombok\lombok\1.18.38\lombok-1.18.38.jar;C:\Users\HP\.m2\repository\org\springframework\boot\spring-boot-starter-test\3.5.4\spring-boot-starter-test-3.5.4.jar;C:\Users\HP\.m2\repository\org\springframework\boot\spring-boot-test\3.5.4\spring-boot-test-3.5.4.jar;C:\Users\HP\.m2\repository\org\springframework\boot\spring-boot-test-autoconfigure\3.5.4\spring-boot-test-autoconfigure-3.5.4.jar;C:\Users\HP\.m2\repository\com\jayway\jsonpath\json-path\2.9.0\json-path-2.9.0.jar;C:\Users\HP\.m2\repository\jakarta\xml\bind\jakarta.xml.bind-api\4.0.2\jakarta.xml.bind-api-4.0.2.jar;C:\Users\HP\.m2\repository\net\minidev\json-smart\2.5.2\json-smart-2.5.2.jar;C:\Users\HP\.m2\repository\net\minidev\accessors-smart\2.5.2\accessors-smart-2.5.2.jar;C:\Users\HP\.m2\repository\org\ow2\asm\asm\9.7.1\asm-9.7.1.jar;C:\Users\HP\.m2\repository\org\assertj\assertj-core\3.27.3\assertj-core-3.27.3.jar;C:\Users\HP\.m2\repository\org\awaitility\awaitility\4.2.2\awaitility-4.2.2.jar;C:\Users\HP\.m2\repository\org\hamcrest\hamcrest\3.0\hamcrest-3.0.jar;C:\Users\HP\.m2\repository\org\junit\jupiter\junit-jupiter\5.12.2\junit-jupiter-5.12.2.jar;C:\Users\HP\.m2\repository\org\junit\jupiter\junit-jupiter-api\5.12.2\junit-jupiter-api-5.12.2.jar;C:\Users\HP\.m2\repository\org\opentest4j\opentest4j\1.3.0\opentest4j-1.3.0.jar;C:\Users\HP\.m2\repository\org\junit\platform\junit-platform-commons\1.12.2\junit-platform-commons-1.12.2.jar;C:\Users\HP\.m2\repository\org\apiguardian\apiguardian-api\1.1.2\apiguardian-api-1.1.2.jar;C:\Users\HP\.m2\repository\org\junit\jupiter\junit-jupiter-params\5.12.2\junit-jupiter-params-5.12.2.jar;C:\Users\HP\.m2\repository\org\junit\jupiter\junit-jupiter-engine\5.12.2\junit-jupiter-engine-5.12.2.jar;C:\Users\HP\.m2\repository\org\junit\platform\junit-platform-engine\1.12.2\junit-platform-engine-1.12.2.jar;C:\Users\HP\.m2\repository\org\mockito\mockito-core\5.17.0\mockito-core-5.17.0.jar;C:\Users\HP\.m2\repository\net\bytebuddy\byte-buddy-agent\1.17.6\byte-buddy-agent-1.17.6.jar;C:\Users\HP\.m2\repository\org\objenesis\objenesis\3.3\objenesis-3.3.jar;C:\Users\HP\.m2\repository\org\mockito\mockito-junit-jupiter\5.17.0\mockito-junit-jupiter-5.17.0.jar;C:\Users\HP\.m2\repository\org\skyscreamer\jsonassert\1.5.3\jsonassert-1.5.3.jar;C:\Users\HP\.m2\repository\com\vaadin\external\google\android-json\0.0.20131108.vaadin1\android-json-0.0.20131108.vaadin1.jar;C:\Users\HP\.m2\repository\org\springframework\spring-core\6.2.9\spring-core-6.2.9.jar;C:\Users\HP\.m2\repository\org\springframework\spring-jcl\6.2.9\spring-jcl-6.2.9.jar;C:\Users\HP\.m2\repository\org\springframework\spring-test\6.2.9\spring-test-6.2.9.jar;C:\Users\HP\.m2\repository\org\xmlunit\xmlunit-core\2.10.3\xmlunit-core-2.10.3.jar;C:\Users\HP\.m2\repository\org\springframework\security\spring-security-test\6.5.2\spring-security-test-6.5.2.jar;C:\Users\HP\.m2\repository\org\springframework\security\spring-security-core\6.5.2\spring-security-core-6.5.2.jar;C:\Users\HP\.m2\repository\org\springframework\security\spring-security-crypto\6.5.2\spring-security-crypto-6.5.2.jar;C:\Users\HP\.m2\repository\io\jsonwebtoken\jjwt\0.12.6\jjwt-0.12.6.jar;C:\Users\HP\.m2\repository\io\jsonwebtoken\jjwt-api\0.11.5\jjwt-api-0.11.5.jar;C:\Users\HP\.m2\repository\io\jsonwebtoken\jjwt-impl\0.11.5\jjwt-impl-0.11.5.jar;C:\Users\HP\.m2\repository\io\jsonwebtoken\jjwt-jackson\0.11.5\jjwt-jackson-0.11.5.jar;C:\Users\HP\.m2\repository\com\fasterxml\jackson\core\jackson-databind\2.19.2\jackson-databind-2.19.2.jar;C:\Users\HP\.m2\repository\com\fasterxml\jackson\core\jackson-annotations\2.19.2\jackson-annotations-2.19.2.jar;C:\Users\HP\.m2\repository\com\fasterxml\jackson\core\jackson-core\2.19.2\jackson-core-2.19.2.jar;C:\Users\HP\.m2\repository\org\apache\poi\poi\5.4.1\poi-5.4.1.jar;C:\Users\HP\.m2\repository\commons-codec\commons-codec\1.18.0\commons-codec-1.18.0.jar;C:\Users\HP\.m2\repository\org\apache\commons\commons-collections4\4.4\commons-collections4-4.4.jar;C:\Users\HP\.m2\repository\org\apache\commons\commons-math3\3.6.1\commons-math3-3.6.1.jar;C:\Users\HP\.m2\repository\commons-io\commons-io\2.18.0\commons-io-2.18.0.jar;C:\Users\HP\.m2\repository\com\zaxxer\SparseBitSet\1.3\SparseBitSet-1.3.jar;C:\Users\HP\.m2\repository\org\apache\logging\log4j\log4j-api\2.24.3\log4j-api-2.24.3.jar;C:\Users\HP\.m2\repository\org\postgresql\postgresql\42.7.7\postgresql-42.7.7.jar;C:\Users\HP\.m2\repository\org\checkerframework\checker-qual\3.49.3\checker-qual-3.49.3.jar;C:\Users\HP\.m2\repository\com\cloudinary\cloudinary-http44\1.39.0\cloudinary-http44-1.39.0.jar;C:\Users\HP\.m2\repository\com\cloudinary\cloudinary-core\1.39.0\cloudinary-core-1.39.0.jar;C:\Users\HP\.m2\repository\org\apache\commons\commons-lang3\3.17.0\commons-lang3-3.17.0.jar;C:\Users\HP\.m2\repository\org\apache\httpcomponents\httpclient\4.4\httpclient-4.4.jar;C:\Users\HP\.m2\repository\org\apache\httpcomponents\httpcore\4.4.16\httpcore-4.4.16.jar;C:\Users\HP\.m2\repository\commons-logging\commons-logging\1.2\commons-logging-1.2.jar;C:\Users\HP\.m2\repository\org\apache\httpcomponents\httpmime\4.4\httpmime-4.4.jar;C:\Users\HP\.m2\repository\io\github\cdimascio\java-dotenv\5.2.2\java-dotenv-5.2.2.jar;C:\Users\HP\.m2\repository\org\jetbrains\kotlin\kotlin-stdlib\1.9.25\kotlin-stdlib-1.9.25.jar;C:\Users\HP\.m2\repository\org\jetbrains\annotations\13.0\annotations-13.0.jar;"/>
    <property name="PLATFORMCODE" value="KV"/>
    <property name="java.vm.vendor" value="Microsoft"/>
    <property name="JWT_EXPIRATION" value="3600000"/>
    <property name="PROCESSOR_ARCHITECTURE" value="AMD64"/>
    <property name="JWT_SECRET_KEY" value="nakuljwtsecretkey"/>
    <property name="EFC_3184_1592913036" value="1"/>
    <property name="VSCODE_GIT_IPC_HANDLE" value="\\.\pipe\vscode-git-1719bb7d98-sock"/>
    <property name="DRIVERDATA" value="C:\Windows\System32\Drivers\DriverData"/>
    <property name="user.variant" value=""/>
    <property name="MAVEN_HOME" value="C:\Users\HP\.m2\wrapper\dists\apache-maven-3.9.10\a38810a491b03367137adfdfbe7d14c4"/>
    <property name="user.timezone" value="Asia/Calcutta"/>
    <property name="org.jboss.logging.provider" value="slf4j"/>
    <property name="PROGRAMDATA" value="C:\ProgramData"/>
    <property name="CHOCOLATEYLASTPATHUPDATE" value="133740880307465319"/>
    <property name="os.name" value="Windows 11"/>
    <property name="java.vm.specification.version" value="17"/>
    <property name="GIT_ASKPASS" value="c:\Users\HP\AppData\Local\Programs\Microsoft VS Code\resources\app\extensions\git\dist\askpass.sh"/>
    <property name="sun.java.launcher" value="SUN_STANDARD"/>
    <property name="user.country" value="IN"/>
    <property name="WDIR" value="d:\Nakul\Web Development\Projects\SpendWise"/>
    <property name="CHROME_CRASHPAD_PIPE_NAME" value="\\.\pipe\crashpad_1640_YTMYEHJTQAPZFKPZ"/>
    <property name="EFC_3184_2775293581" value="1"/>
    <property name="ONEDRIVE" value="C:\Users\HP\OneDrive"/>
    <property name="surefire.test.class.path" value="d:\Nakul\Web Development\Projects\SpendWise\target\test-classes;d:\Nakul\Web Development\Projects\SpendWise\target\classes;C:\Users\HP\.m2\repository\org\springframework\boot\spring-boot-starter-actuator\3.5.4\spring-boot-starter-actuator-3.5.4.jar;C:\Users\HP\.m2\repository\org\springframework\boot\spring-boot-starter\3.5.4\spring-boot-starter-3.5.4.jar;C:\Users\HP\.m2\repository\org\springframework\boot\spring-boot\3.5.4\spring-boot-3.5.4.jar;C:\Users\HP\.m2\repository\org\springframework\boot\spring-boot-autoconfigure\3.5.4\spring-boot-autoconfigure-3.5.4.jar;C:\Users\HP\.m2\repository\org\springframework\boot\spring-boot-starter-logging\3.5.4\spring-boot-starter-logging-3.5.4.jar;C:\Users\HP\.m2\repository\ch\qos\logback\logback-classic\1.5.18\logback-classic-1.5.18.jar;C:\Users\HP\.m2\repository\ch\qos\logback\logback-core\1.5.18\logback-core-1.5.18.jar;C:\Users\HP\.m2\repository\org\apache\logging\log4j\log4j-to-slf4j\2.24.3\log4j-to-slf4j-2.24.3.jar;C:\Users\HP\.m2\repository\org\slf4j\jul-to-slf4j\2.0.17\jul-to-slf4j-2.0.17.jar;C:\Users\HP\.m2\repository\jakarta\annotation\jakarta.annotation-api\2.1.1\jakarta.annotation-api-2.1.1.jar;C:\Users\HP\.m2\repository\org\yaml\snakeyaml\2.4\snakeyaml-2.4.jar;C:\Users\HP\.m2\repository\org\springframework\boot\spring-boot-actuator-autoconfigure\3.5.4\spring-boot-actuator-autoconfigure-3.5.4.jar;C:\Users\HP\.m2\repository\org\springframework\boot\spring-boot-actuator\3.5.4\spring-boot-actuator-3.5.4.jar;C:\Users\HP\.m2\repository\com\fasterxml\jackson\datatype\jackson-datatype-jsr310\2.19.2\jackson-datatype-jsr310-2.19.2.jar;C:\Users\HP\.m2\repository\io\micrometer\micrometer-observation\1.15.2\micrometer-observation-1.15.2.jar;C:\Users\HP\.m2\repository\io\micrometer\micrometer-commons\1.15.2\micrometer-commons-1.15.2.jar;C:\Users\HP\.m2\repository\io\micrometer\micrometer-jakarta9\1.15.2\micrometer-jakarta9-1.15.2.jar;C:\Users\HP\.m2\repository\io\micrometer\micrometer-core\1.15.2\micrometer-core-1.15.2.jar;C:\Users\HP\.m2\repository\org\hdrhistogram\HdrHistogram\2.2.2\HdrHistogram-2.2.2.jar;C:\Users\HP\.m2\repository\org\latencyutils\LatencyUtils\2.0.3\LatencyUtils-2.0.3.jar;C:\Users\HP\.m2\repository\org\springframework\boot\spring-boot-starter-data-jpa\3.5.4\spring-boot-starter-data-jpa-3.5.4.jar;C:\Users\HP\.m2\repository\org\springframework\boot\spring-boot-starter-jdbc\3.5.4\spring-boot-starter-jdbc-3.5.4.jar;C:\Users\HP\.m2\repository\com\zaxxer\HikariCP\6.3.1\HikariCP-6.3.1.jar;C:\Users\HP\.m2\repository\org\springframework\spring-jdbc\6.2.9\spring-jdbc-6.2.9.jar;C:\Users\HP\.m2\repository\org\hibernate\orm\hibernate-core\6.6.22.Final\hibernate-core-6.6.22.Final.jar;C:\Users\HP\.m2\repository\jakarta\persistence\jakarta.persistence-api\3.1.0\jakarta.persistence-api-3.1.0.jar;C:\Users\HP\.m2\repository\jakarta\transaction\jakarta.transaction-api\2.0.1\jakarta.transaction-api-2.0.1.jar;C:\Users\HP\.m2\repository\org\jboss\logging\jboss-logging\3.6.1.Final\jboss-logging-3.6.1.Final.jar;C:\Users\HP\.m2\repository\org\hibernate\common\hibernate-commons-annotations\7.0.3.Final\hibernate-commons-annotations-7.0.3.Final.jar;C:\Users\HP\.m2\repository\io\smallrye\jandex\3.2.0\jandex-3.2.0.jar;C:\Users\HP\.m2\repository\com\fasterxml\classmate\1.7.0\classmate-1.7.0.jar;C:\Users\HP\.m2\repository\net\bytebuddy\byte-buddy\1.17.6\byte-buddy-1.17.6.jar;C:\Users\HP\.m2\repository\org\glassfish\jaxb\jaxb-runtime\4.0.5\jaxb-runtime-4.0.5.jar;C:\Users\HP\.m2\repository\org\glassfish\jaxb\jaxb-core\4.0.5\jaxb-core-4.0.5.jar;C:\Users\HP\.m2\repository\org\glassfish\jaxb\txw2\4.0.5\txw2-4.0.5.jar;C:\Users\HP\.m2\repository\com\sun\istack\istack-commons-runtime\4.1.2\istack-commons-runtime-4.1.2.jar;C:\Users\HP\.m2\repository\jakarta\inject\jakarta.inject-api\2.0.1\jakarta.inject-api-2.0.1.jar;C:\Users\HP\.m2\repository\org\antlr\antlr4-runtime\4.13.0\antlr4-runtime-4.13.0.jar;C:\Users\HP\.m2\repository\org\springframework\data\spring-data-jpa\3.5.2\spring-data-jpa-3.5.2.jar;C:\Users\HP\.m2\repository\org\springframework\data\spring-data-commons\3.5.2\spring-data-commons-3.5.2.jar;C:\Users\HP\.m2\repository\org\springframework\spring-orm\6.2.9\spring-orm-6.2.9.jar;C:\Users\HP\.m2\repository\org\springframework\spring-context\6.2.9\spring-context-6.2.9.jar;C:\Users\HP\.m2\repository\org\springframework\spring-tx\6.2.9\spring-tx-6.2.9.jar;C:\Users\HP\.m2\repository\org\springframework\spring-beans\6.2.9\spring-beans-6.2.9.jar;C:\Users\HP\.m2\repository\org\slf4j\slf4j-api\2.0.17\slf4j-api-2.0.17.jar;C:\Users\HP\.m2\repository\org\springframework\spring-aspects\6.2.9\spring-aspects-6.2.9.jar;C:\Users\HP\.m2\repository\org\aspectj\aspectjweaver\1.9.24\aspectjweaver-1.9.24.jar;C:\Users\HP\.m2\repository\org\springframework\boot\spring-boot-starter-mail\3.5.4\spring-boot-starter-mail-3.5.4.jar;C:\Users\HP\.m2\repository\org\springframework\spring-context-support\6.2.9\spring-context-support-6.2.9.jar;C:\Users\HP\.m2\repository\org\eclipse\angus\jakarta.mail\2.0.3\jakarta.mail-2.0.3.jar;C:\Users\HP\.m2\repository\jakarta\activation\jakarta.activation-api\2.1.3\jakarta.activation-api-2.1.3.jar;C:\Users\HP\.m2\repository\org\eclipse\angus\angus-activation\2.0.2\angus-activation-2.0.2.jar;C:\Users\HP\.m2\repository\org\springframework\boot\spring-boot-starter-security\3.5.4\spring-boot-starter-security-3.5.4.jar;C:\Users\HP\.m2\repository\org\springframework\spring-aop\6.2.9\spring-aop-6.2.9.jar;C:\Users\HP\.m2\repository\org\springframework\security\spring-security-config\6.5.2\spring-security-config-6.5.2.jar;C:\Users\HP\.m2\repository\org\springframework\security\spring-security-web\6.5.2\spring-security-web-6.5.2.jar;C:\Users\HP\.m2\repository\org\springframework\spring-expression\6.2.9\spring-expression-6.2.9.jar;C:\Users\HP\.m2\repository\org\springframework\boot\spring-boot-starter-web\3.5.4\spring-boot-starter-web-3.5.4.jar;C:\Users\HP\.m2\repository\org\springframework\boot\spring-boot-starter-json\3.5.4\spring-boot-starter-json-3.5.4.jar;C:\Users\HP\.m2\repository\com\fasterxml\jackson\datatype\jackson-datatype-jdk8\2.19.2\jackson-datatype-jdk8-2.19.2.jar;C:\Users\HP\.m2\repository\com\fasterxml\jackson\module\jackson-module-parameter-names\2.19.2\jackson-module-parameter-names-2.19.2.jar;C:\Users\HP\.m2\repository\org\springframework\boot\spring-boot-starter-tomcat\3.5.4\spring-boot-starter-tomcat-3.5.4.jar;C:\Users\HP\.m2\repository\org\apache\tomcat\embed\tomcat-embed-core\10.1.43\tomcat-embed-core-10.1.43.jar;C:\Users\HP\.m2\repository\org\apache\tomcat\embed\tomcat-embed-el\10.1.43\tomcat-embed-el-10.1.43.jar;C:\Users\HP\.m2\repository\org\apache\tomcat\embed\tomcat-embed-websocket\10.1.43\tomcat-embed-websocket-10.1.43.jar;C:\Users\HP\.m2\repository\org\springframework\spring-web\6.2.9\spring-web-6.2.9.jar;C:\Users\HP\.m2\repository\org\springframework\spring-webmvc\6.2.9\spring-webmvc-6.2.9.jar;C:\Users\HP\.m2\repository\com\mysql\mysql-connector-j\9.3.0\mysql-connector-j-9.3.0.jar;C:\Users\HP\.m2\repository\org\projectlombok\lombok\1.18.38\lombok-1.18.38.jar;C:\Users\HP\.m2\repository\org\springframework\boot\spring-boot-starter-test\3.5.4\spring-boot-starter-test-3.5.4.jar;C:\Users\HP\.m2\repository\org\springframework\boot\spring-boot-test\3.5.4\spring-boot-test-3.5.4.jar;C:\Users\HP\.m2\repository\org\springframework\boot\spring-boot-test-autoconfigure\3.5.4\spring-boot-test-autoconfigure-3.5.4.jar;C:\Users\HP\.m2\repository\com\jayway\jsonpath\json-path\2.9.0\json-path-2.9.0.jar;C:\Users\HP\.m2\repository\jakarta\xml\bind\jakarta.xml.bind-api\4.0.2\jakarta.xml.bind-api-4.0.2.jar;C:\Users\HP\.m2\repository\net\minidev\json-smart\2.5.2\json-smart-2.5.2.jar;C:\Users\HP\.m2\repository\net\minidev\accessors-smart\2.5.2\accessors-smart-2.5.2.jar;C:\Users\HP\.m2\repository\org\ow2\asm\asm\9.7.1\asm-9.7.1.jar;C:\Users\HP\.m2\repository\org\assertj\assertj-core\3.27.3\assertj-core-3.27.3.jar;C:\Users\HP\.m2\repository\org\awaitility\awaitility\4.2.2\awaitility-4.2.2.jar;C:\Users\HP\.m2\repository\org\hamcrest\hamcrest\3.0\hamcrest-3.0.jar;C:\Users\HP\.m2\repository\org\junit\jupiter\junit-jupiter\5.12.2\junit-jupiter-5.12.2.jar;C:\Users\HP\.m2\repository\org\junit\jupiter\junit-jupiter-api\5.12.2\junit-jupiter-api-5.12.2.jar;C:\Users\HP\.m2\repository\org\opentest4j\opentest4j\1.3.0\opentest4j-1.3.0.jar;C:\Users\HP\.m2\repository\org\junit\platform\junit-platform-commons\1.12.2\junit-platform-commons-1.12.2.jar;C:\Users\HP\.m2\repository\org\apiguardian\apiguardian-api\1.1.2\apiguardian-api-1.1.2.jar;C:\Users\HP\.m2\repository\org\junit\jupiter\junit-jupiter-params\5.12.2\junit-jupiter-params-5.12.2.jar;C:\Users\HP\.m2\repository\org\junit\jupiter\junit-jupiter-engine\5.12.2\junit-jupiter-engine-5.12.2.jar;C:\Users\HP\.m2\repository\org\junit\platform\junit-platform-engine\1.12.2\junit-platform-engine-1.12.2.jar;C:\Users\HP\.m2\repository\org\mockito\mockito-core\5.17.0\mockito-core-5.17.0.jar;C:\Users\HP\.m2\repository\net\bytebuddy\byte-buddy-agent\1.17.6\byte-buddy-agent-1.17.6.jar;C:\Users\HP\.m2\repository\org\objenesis\objenesis\3.3\objenesis-3.3.jar;C:\Users\HP\.m2\repository\org\mockito\mockito-junit-jupiter\5.17.0\mockito-junit-jupiter-5.17.0.jar;C:\Users\HP\.m2\repository\org\skyscreamer\jsonassert\1.5.3\jsonassert-1.5.3.jar;C:\Users\HP\.m2\repository\com\vaadin\external\google\android-json\0.0.20131108.vaadin1\android-json-0.0.20131108.vaadin1.jar;C:\Users\HP\.m2\repository\org\springframework\spring-core\6.2.9\spring-core-6.2.9.jar;C:\Users\HP\.m2\repository\org\springframework\spring-jcl\6.2.9\spring-jcl-6.2.9.jar;C:\Users\HP\.m2\repository\org\springframework\spring-test\6.2.9\spring-test-6.2.9.jar;C:\Users\HP\.m2\repository\org\xmlunit\xmlunit-core\2.10.3\xmlunit-core-2.10.3.jar;C:\Users\HP\.m2\repository\org\springframework\security\spring-security-test\6.5.2\spring-security-test-6.5.2.jar;C:\Users\HP\.m2\repository\org\springframework\security\spring-security-core\6.5.2\spring-security-core-6.5.2.jar;C:\Users\HP\.m2\repository\org\springframework\security\spring-security-crypto\6.5.2\spring-security-crypto-6.5.2.jar;C:\Users\HP\.m2\repository\io\jsonwebtoken\jjwt\0.12.6\jjwt-0.12.6.jar;C:\Users\HP\.m2\repository\io\jsonwebtoken\jjwt-api\0.11.5\jjwt-api-0.11.5.jar;C:\Users\HP\.m2\repository\io\jsonwebtoken\jjwt-impl\0.11.5\jjwt-impl-0.11.5.jar;C:\Users\HP\.m2\repository\io\jsonwebtoken\jjwt-jackson\0.11.5\jjwt-jackson-0.11.5.jar;C:\Users\HP\.m2\repository\com\fasterxml\jackson\core\jackson-databind\2.19.2\jackson-databind-2.19.2.jar;C:\Users\HP\.m2\repository\com\fasterxml\jackson\core\jackson-annotations\2.19.2\jackson-annotations-2.19.2.jar;C:\Users\HP\.m2\repository\com\fasterxml\jackson\core\jackson-core\2.19.2\jackson-core-2.19.2.jar;C:\Users\HP\.m2\repository\org\apache\poi\poi\5.4.1\poi-5.4.1.jar;C:\Users\HP\.m2\repository\commons-codec\commons-codec\1.18.0\commons-codec-1.18.0.jar;C:\Users\HP\.m2\repository\org\apache\commons\commons-collections4\4.4\commons-collections4-4.4.jar;C:\Users\HP\.m2\repository\org\apache\commons\commons-math3\3.6.1\commons-math3-3.6.1.jar;C:\Users\HP\.m2\repository\commons-io\commons-io\2.18.0\commons-io-2.18.0.jar;C:\Users\HP\.m2\repository\com\zaxxer\SparseBitSet\1.3\SparseBitSet-1.3.jar;C:\Users\HP\.m2\repository\org\apache\logging\log4j\log4j-api\2.24.3\log4j-api-2.24.3.jar;C:\Users\HP\.m2\repository\org\postgresql\postgresql\42.7.7\postgresql-42.7.7.jar;C:\Users\HP\.m2\repository\org\checkerframework\checker-qual\3.49.3\checker-qual-3.49.3.jar;C:\Users\HP\.m2\repository\com\cloudinary\cloudinary-http44\1.39.0\cloudinary-http44-1.39.0.jar;C:\Users\HP\.m2\repository\com\cloudinary\cloudinary-core\1.39.0\cloudinary-core-1.39.0.jar;C:\Users\HP\.m2\repository\org\apache\commons\commons-lang3\3.17.0\commons-lang3-3.17.0.jar;C:\Users\HP\.m2\repository\org\apache\httpcomponents\httpclient\4.4\httpclient-4.4.jar;C:\Users\HP\.m2\repository\org\apache\httpcomponents\httpcore\4.4.16\httpcore-4.4.16.jar;C:\Users\HP\.m2\repository\commons-logging\commons-logging\1.2\commons-logging-1.2.jar;C:\Users\HP\.m2\repository\org\apache\httpcomponents\httpmime\4.4\httpmime-4.4.jar;C:\Users\HP\.m2\repository\io\github\cdimascio\java-dotenv\5.2.2\java-dotenv-5.2.2.jar;C:\Users\HP\.m2\repository\org\jetbrains\kotlin\kotlin-stdlib\1.9.25\kotlin-stdlib-1.9.25.jar;C:\Users\HP\.m2\repository\org\jetbrains\annotations\13.0\annotations-13.0.jar;"/>
    <property name="__MVNW_CMD__" value="C:\Users\HP/.m2/wrapper/dists/apache-maven-3.9.10/a38810a491b03367137adfdfbe7d14c4/bin/mvn.cmd"/>
    <property name="sun.cpu.endian" value="little"/>
    <property name="user.home" value="C:\Users\HP"/>
    <property name="user.language" value="en"/>
    <property name="CLASSWORLDS_JAR" value="&quot;C:\Users\HP\.m2\wrapper\dists\apache-maven-3.9.10\a38810a491b03367137adfdfbe7d14c4\boot\plexus-classworlds-2.9.0.jar&quot;"/>
    <property name="CLOUDINARY_API_SECRET" value="1rFWVexLRqh0BQfw53DUjVhwOz4"/>
    <property name="REGIONCODE" value="APJ"/>
    <property name="WINDIR" value="C:\WINDOWS"/>
    <property name="ORIGINAL_XDG_CURRENT_DESKTOP" value="undefined"/>
    <property name="FILE_LOG_CHARSET" value="windows-1252"/>
    <property name="CLOUDINARY_API_KEY" value="372925339655145"/>
    <property name="java.awt.headless" value="true"/>
    <property name="surefire.real.class.path" value="C:\Users\HP\AppData\Local\Temp\surefire13019986238520984410\surefirebooter-20250803215300246_3.jar"/>
    <property name="IGCCSVC_DB" value="AQAAANCMnd8BFdERjHoAwE/Cl+sBAAAAxlneEKnBukqKRVBs59e+BAQAAAACAAAAAAAQZgAAAAEAACAAAAC0EeAHQVoG4S5zoCuzij0/ijDdGRDc3jhZbpgcPMznWgAAAAAOgAAAAAIAACAAAAClBijD7/2Wnyc9l9zlTcvYlo5pWj4Xv2a49J28zsZ/LWAAAABwGQyrq0Phl4T4k3ZlfpQrk6BoHgljDNRuPdYRByOMCbqJIYBjhJR+e5/uXXn55w3cKn05+7CQHwLSDURMrl1wBSBSwp2q/rWBAzWzXMg78TwkBYL1dva2UUlSmYfNip9AAAAA5vILUFFYUcDgU1twzax/dahd8Arsl6ctaxW0uNc2OKFb0HaA8yuW1GU12m+jZ0ADXFYlbZv5bJlo5UutsxPvxw=="/>
    <property name="LOCALAPPDATA" value="C:\Users\HP\AppData\Local"/>
    <property name="COMMONPROGRAMFILES(X86)" value="C:\Program Files (x86)\Common Files"/>
    <property name="USERDOMAIN" value="LAPTOP-LEM-ON"/>
    <property name="LOGONSERVER" value="\\LAPTOP-LEM-ON"/>
    <property name="path.separator" value=";"/>
    <property name="LANG" value="en_US.UTF-8"/>
    <property name="os.version" value="10.0"/>
    <property name="ERROR_CODE" value="0"/>
    <property name="EXEC_DIR" value="D:\Nakul\Web Development\Projects\SpendWise"/>
    <property name="MAVEN_OPTS" value="--enable-native-access=ALL-UNNAMED "/>
    <property name="java.runtime.name" value="OpenJDK Runtime Environment"/>
    <property name="VSCODE_GIT_ASKPASS_MAIN" value="c:\Users\HP\AppData\Local\Programs\Microsoft VS Code\resources\app\extensions\git\dist\askpass-main.js"/>
    <property name="PROGRAMW6432" value="C:\Program Files"/>
    <property name="SYSTEMROOT" value="C:\WINDOWS"/>
    <property name="java.vm.name" value="OpenJDK 64-Bit Server VM"/>
    <property name="VSCODE_GIT_ASKPASS_EXTRA_ARGS" value=""/>
    <property name="LOG_FILE" value="logs/spendwise.log"/>
    <property name="MAVEN_CMD_LINE_ARGS" value="package -f &quot;d:\Nakul\Web Development\Projects\SpendWise\pom.xml&quot;"/>
    <property name="java.vendor.url.bug" value="https://github.com/microsoft/openjdk/issues"/>
    <property name="OS" value="Windows_NT"/>
    <property name="user.dir" value="d:\Nakul\Web Development\Projects\SpendWise"/>
    <property name="COMMONPROGRAMW6432" value="C:\Program Files\Common Files"/>
    <property name="os.arch" value="amd64"/>
    <property name="COMMONPROGRAMFILES" value="C:\Program Files\Common Files"/>
    <property name="COMSPEC" value="C:\WINDOWS\system32\cmd.exe"/>
    <property name="JAVACMD" value="C:\Program Files\Microsoft\jdk-17.0.12.7-hotspot\\bin\java.exe"/>
    <property name="PROCESSOR_REVISION" value="8c01"/>
    <property name="TEMP" value="C:\Users\HP\AppData\Local\Temp"/>
    <property name="java.vm.info" value="mixed mode, sharing"/>
    <property name="java.vm.version" value="17.0.12+7-LTS"/>
    <property name="USERPROFILE" value="C:\Users\HP"/>
    <property name="POM_DIR" value="d:\Nakul\Web Development\Projects\SpendWise"/>
    <property name="TMP" value="C:\Users\HP\AppData\Local\Temp"/>
    <property name="java.class.version" value="61.0"/>
  </properties>
  <testcase name="contextLoads" classname="com.backend.spendwise.SpendwiseApplicationTests" time="0.509">
    <system-out><![CDATA[21:53:01.791 [main] INFO org.springframework.test.context.support.AnnotationConfigContextLoaderUtils -- Could not detect default configuration classes for test class [com.backend.spendwise.SpendwiseApplicationTests]: SpendwiseApplicationTests does not declare any static, non-private, non-final, nested classes annotated with @Configuration.
21:53:01.937 [main] INFO org.springframework.boot.test.context.SpringBootTestContextBootstrapper -- Found @SpringBootConfiguration com.backend.spendwise.SpendwiseApplication for test class com.backend.spendwise.SpendwiseApplicationTests

  .   ____          _            __ _ _
 /\\ / ___'_ __ _ _(_)_ __  __ _ \ \ \ \
( ( )\___ | '_ | '_| | '_ \/ _` | \ \ \ \
 \\/  ___)| |_)| | | | | || (_| |  ) ) ) )
  '  |____| .__|_| |_|_| |_\__, | / / / /
 =========|_|==============|___/=/_/_/_/

 :: Spring Boot ::                (v3.5.4)

2025-08-03T21:53:02.647+05:30  INFO 22120 --- [spendwise] [           main] c.b.spendwise.SpendwiseApplicationTests  : Starting SpendwiseApplicationTests using Java 17.0.12 with PID 22120 (started by HP in d:\Nakul\Web Development\Projects\SpendWise)
2025-08-03T21:53:02.650+05:30  INFO 22120 --- [spendwise] [           main] c.b.spendwise.SpendwiseApplicationTests  : The following 1 profile is active: "prod"
2025-08-03T21:53:04.389+05:30  INFO 22120 --- [spendwise] [           main] .s.d.r.c.RepositoryConfigurationDelegate : Bootstrapping Spring Data JPA repositories in DEFAULT mode.
2025-08-03T21:53:04.532+05:30  INFO 22120 --- [spendwise] [           main] .s.d.r.c.RepositoryConfigurationDelegate : Finished Spring Data repository scanning in 121 ms. Found 4 JPA repository interfaces.
2025-08-03T21:53:05.506+05:30  INFO 22120 --- [spendwise] [           main] o.hibernate.jpa.internal.util.LogHelper  : HHH000204: Processing PersistenceUnitInfo [name: default]
2025-08-03T21:53:05.607+05:30  INFO 22120 --- [spendwise] [           main] org.hibernate.Version                    : HHH000412: Hibernate ORM core version 6.6.22.Final
2025-08-03T21:53:05.661+05:30  INFO 22120 --- [spendwise] [           main] o.h.c.internal.RegionFactoryInitiator    : HHH000026: Second-level cache disabled
2025-08-03T21:53:06.180+05:30  INFO 22120 --- [spendwise] [           main] o.s.o.j.p.SpringPersistenceUnitInfo      : No LoadTimeWeaver setup: ignoring JPA class transformer
2025-08-03T21:53:06.224+05:30  INFO 22120 --- [spendwise] [           main] com.zaxxer.hikari.HikariDataSource       : HikariPool-1 - Starting...
2025-08-03T21:53:09.022+05:30  INFO 22120 --- [spendwise] [           main] com.zaxxer.hikari.pool.HikariPool        : HikariPool-1 - Added connection org.postgresql.jdbc.PgConnection@2633d09c
2025-08-03T21:53:09.024+05:30  INFO 22120 --- [spendwise] [           main] com.zaxxer.hikari.HikariDataSource       : HikariPool-1 - Start completed.
2025-08-03T21:53:10.494+05:30  INFO 22120 --- [spendwise] [           main] org.hibernate.orm.connections.pooling    : HHH10001005: Database info:
	Database JDBC URL [Connecting through datasource 'HikariDataSource (HikariPool-1)']
	Database driver: undefined/unknown
	Database version: 17.5
	Autocommit mode: undefined/unknown
	Isolation level: undefined/unknown
	Minimum pool size: undefined/unknown
	Maximum pool size: undefined/unknown
2025-08-03T21:53:11.403+05:30  INFO 22120 --- [spendwise] [           main] o.h.e.t.j.p.i.JtaPlatformInitiator       : HHH000489: No JTA platform available (set 'hibernate.transaction.jta.platform' to enable JTA platform integration)
2025-08-03T21:53:20.213+05:30  INFO 22120 --- [spendwise] [           main] j.LocalContainerEntityManagerFactoryBean : Initialized JPA EntityManagerFactory for persistence unit 'default'
2025-08-03T21:53:20.704+05:30  INFO 22120 --- [spendwise] [           main] o.s.d.j.r.query.QueryEnhancerFactory     : Hibernate is in classpath; If applicable, HQL parser will be used.
2025-08-03T21:53:21.655+05:30  WARN 22120 --- [spendwise] [           main] JpaBaseConfiguration$JpaWebConfiguration : spring.jpa.open-in-view is enabled by default. Therefore, database queries may be performed during view rendering. Explicitly configure spring.jpa.open-in-view to disable this warning
2025-08-03T21:53:21.693+05:30  INFO 22120 --- [spendwise] [           main] eAuthenticationProviderManagerConfigurer : Global AuthenticationManager configured with AuthenticationProvider bean with name daoAuthenticationProvider
2025-08-03T21:53:21.694+05:30  WARN 22120 --- [spendwise] [           main] r$InitializeUserDetailsManagerConfigurer : Global AuthenticationManager configured with an AuthenticationProvider bean. UserDetailsService beans will not be used by Spring Security for automatically configuring username/password login. Consider removing the AuthenticationProvider bean. Alternatively, consider using the UserDetailsService in a manually instantiated DaoAuthenticationProvider. If the current configuration is intentional, to turn off this warning, increase the logging level of 'org.springframework.security.config.annotation.authentication.configuration.InitializeUserDetailsBeanManagerConfigurer' to ERROR
2025-08-03T21:53:22.182+05:30  INFO 22120 --- [spendwise] [           main] o.s.b.a.e.web.EndpointLinksResolver      : Exposing 1 endpoint beneath base path '/actuator'
2025-08-03T21:53:22.809+05:30  INFO 22120 --- [spendwise] [           main] c.b.spendwise.SpendwiseApplicationTests  : Started SpendwiseApplicationTests in 20.64 seconds (process running for 22.363)
]]></system-out>
  </testcase>
</testsuite>